<?xml version="1.0" encoding="UTF-8"?>
<!-- Generated by org.testng.reporters.JUnitXMLReporter -->
<testsuite hostname="HipsterCentralComp" ignored="0" name="Default test" tests="5" failures="0" timestamp="28 Jul 2019 21:54:52 GMT" time="0.117" errors="0">
  <testcase name="APICarLoan" time="0.01" classname="test.Day3"/>
  <testcase name="MobileCarLogin" time="0.0" classname="test.Day3"/>
  <testcase name="MobileCarLogout" time="0.0" classname="test.Day3"/>
  <testcase name="MobileCarSignin" time="0.0" classname="test.Day3"/>
  <testcase name="WebloginCarLogin" time="0.01" classname="test.Day3"/>
</testsuite> <!-- Default test -->
