<?xml version="1.0" encoding="UTF-8"?>
<!-- Generated by org.testng.reporters.JUnitXMLReporter -->
<testsuite hostname="HipsterCentralComp" ignored="1" name="Car Loan" tests="6" failures="0" timestamp="05 Aug 2019 03:01:31 GMT" time="0.29" errors="0">
  <testcase name="MobileCarLogin" time="0.014" classname="test.Day3"/>
  <testcase name="MobileCarLogout" time="0.025" classname="test.Day3"/>
  <testcase name="MobileCarLogout" time="0.005" classname="test.Day3"/>
  <testcase name="MobileCarLogout" time="0.007" classname="test.Day3"/>
  <testcase name="MobileCarSignin" time="0.003" classname="test.Day3"/>
  <testcase name="WebloginCarLogin" time="0.007" classname="test.Day3"/>
  <testcase name="APICarLoan" time="0.0" classname="test.Day3">
    <ignored/>
  </testcase> <!-- APICarLoan -->
</testsuite> <!-- Car Loan -->
