<?xml version="1.0" encoding="UTF-8"?>
<!-- Generated by org.testng.reporters.JUnitXMLReporter -->
<testsuite hostname="HipsterCentralComp" ignored="8" name=" Regression" tests="3" failures="0" timestamp="28 Jul 2019 22:27:31 GMT" time="0.163" errors="0">
  <testcase name="Plain" time="0.04" classname="test.Day2"/>
  <testcase name="MobileCarSignin" time="0.006" classname="test.Day3"/>
  <testcase name="WebloginHomeLoan" time="0.005" classname="test.Day4"/>
  <testcase name="LoginAPIHomeLoan" time="0.0" classname="test.Day4">
    <ignored/>
  </testcase> <!-- LoginAPIHomeLoan -->
  <testcase name="MobileCarLogout" time="0.0" classname="test.Day3">
    <ignored/>
  </testcase> <!-- MobileCarLogout -->
  <testcase name="Demo" time="0.0" classname="test.Day1">
    <ignored/>
  </testcase> <!-- Demo -->
  <testcase name="MobileCarLogin" time="0.0" classname="test.Day3">
    <ignored/>
  </testcase> <!-- MobileCarLogin -->
  <testcase name="WebloginCarLogin" time="0.0" classname="test.Day3">
    <ignored/>
  </testcase> <!-- WebloginCarLogin -->
  <testcase name="MobileLoginHome" time="0.0" classname="test.Day4">
    <ignored/>
  </testcase> <!-- MobileLoginHome -->
  <testcase name="APICarLoan" time="0.0" classname="test.Day3">
    <ignored/>
  </testcase> <!-- APICarLoan -->
  <testcase name="SecondTest" time="0.0" classname="test.Day1">
    <ignored/>
  </testcase> <!-- SecondTest -->
</testsuite> <!--  Regression -->
