<?xml version="1.0" encoding="UTF-8"?>
<!-- Generated by org.testng.reporters.JUnitXMLReporter -->
<testsuite hostname="HipsterCentralComp" ignored="0" name="Test" tests="11" failures="0" timestamp="28 Jul 2019 21:47:44 GMT" time="0.291" errors="0">
  <testcase name="Demo" time="0.02" classname="test.Day1"/>
  <testcase name="SecondTest" time="0.01" classname="test.Day1"/>
  <testcase name="Plain" time="0.0" classname="test.Day2"/>
  <testcase name="APICarLoan" time="0.01" classname="test.Day3"/>
  <testcase name="MobileCarLogin" time="0.01" classname="test.Day3"/>
  <testcase name="MobileCarLogout" time="0.01" classname="test.Day3"/>
  <testcase name="MobileCarSignin" time="0.0" classname="test.Day3"/>
  <testcase name="WebloginCarLogin" time="0.0" classname="test.Day3"/>
  <testcase name="LoginAPIHomeLoan" time="0.01" classname="test.Day4"/>
  <testcase name="MobileLoginHome" time="0.01" classname="test.Day4"/>
  <testcase name="WebloginHomeLoan" time="0.01" classname="test.Day4"/>
</testsuite> <!-- Test -->
