<?xml version="1.0" encoding="UTF-8"?>
<testng-results skipped="0" failed="1" ignored="2" total="13" passed="10">
  <reporter-output>
  </reporter-output>
  <suite name="Suite" duration-ms="290" started-at="2019-08-05T03:01:31Z" finished-at="2019-08-05T03:01:31Z">
    <groups>
      <group name="Frijolito">
        <method signature="Day2.Plain()[pri:0, instance:test.Day2@51081592]" name="Plain" class="test.Day2"/>
        <method signature="Day4.WebloginHomeLoan()[pri:0, instance:test.Day4@9629756]" name="WebloginHomeLoan" class="test.Day4"/>
        <method signature="Day3.MobileCarSignin()[pri:0, instance:test.Day3@523884b2]" name="MobileCarSignin" class="test.Day3"/>
      </group> <!-- Frijolito -->
    </groups>
    <test name="Car Loan" duration-ms="290" started-at="2019-08-05T03:01:31Z" finished-at="2019-08-05T03:01:31Z">
      <class name="test.Day1">
        <test-method status="PASS" signature="AfSuite()[pri:0, instance:test.Day1@7f9a81e8]" name="AfSuite" is-config="true" duration-ms="1" started-at="2019-08-05T03:01:31Z" finished-at="2019-08-05T03:01:31Z">
          <reporter-output>
          </reporter-output>
        </test-method> <!-- AfSuite -->
      </class> <!-- test.Day1 -->
      <class name="test.Day3">
        <test-method status="PASS" signature="BFSuite()[pri:0, instance:test.Day3@523884b2]" name="BFSuite" is-config="true" duration-ms="28" started-at="2019-08-05T03:01:31Z" finished-at="2019-08-05T03:01:31Z">
          <reporter-output>
          </reporter-output>
        </test-method> <!-- BFSuite -->
        <test-method status="PASS" signature="bfMethod()[pri:0, instance:test.Day3@523884b2]" name="bfMethod" is-config="true" duration-ms="1" started-at="2019-08-05T03:01:31Z" finished-at="2019-08-05T03:01:31Z">
          <reporter-output>
          </reporter-output>
        </test-method> <!-- bfMethod -->
        <test-method status="PASS" signature="MobileCarLogin()[pri:0, instance:test.Day3@523884b2]" name="MobileCarLogin" duration-ms="14" started-at="2019-08-05T03:01:31Z" finished-at="2019-08-05T03:01:31Z">
          <reporter-output>
          </reporter-output>
        </test-method> <!-- MobileCarLogin -->
        <test-method status="PASS" signature="bfMethod()[pri:0, instance:test.Day3@523884b2]" name="bfMethod" is-config="true" duration-ms="2" started-at="2019-08-05T03:01:31Z" finished-at="2019-08-05T03:01:31Z">
          <reporter-output>
          </reporter-output>
        </test-method> <!-- bfMethod -->
        <test-method status="PASS" signature="MobileCarLogout(java.lang.String, java.lang.String)[pri:0, instance:test.Day3@523884b2]" name="MobileCarLogout" duration-ms="25" started-at="2019-08-05T03:01:31Z" data-provider="getData" finished-at="2019-08-05T03:01:31Z">
          <params>
            <param index="0">
              <value>
                <![CDATA[stupidintellectual]]>
              </value>
            </param>
            <param index="1">
              <value>
                <![CDATA[lalilulelo]]>
              </value>
            </param>
          </params>
          <reporter-output>
          </reporter-output>
        </test-method> <!-- MobileCarLogout -->
        <test-method status="PASS" signature="bfMethod()[pri:0, instance:test.Day3@523884b2]" name="bfMethod" is-config="true" duration-ms="1" started-at="2019-08-05T03:01:31Z" finished-at="2019-08-05T03:01:31Z">
          <reporter-output>
          </reporter-output>
        </test-method> <!-- bfMethod -->
        <test-method status="PASS" signature="MobileCarLogout(java.lang.String, java.lang.String)[pri:0, instance:test.Day3@523884b2]" name="MobileCarLogout" duration-ms="5" started-at="2019-08-05T03:01:31Z" data-provider="getData" finished-at="2019-08-05T03:01:31Z">
          <params>
            <param index="0">
              <value>
                <![CDATA[frijolito24]]>
              </value>
            </param>
            <param index="1">
              <value>
                <![CDATA[amorshinpicioso]]>
              </value>
            </param>
          </params>
          <reporter-output>
          </reporter-output>
        </test-method> <!-- MobileCarLogout -->
        <test-method status="PASS" signature="bfMethod()[pri:0, instance:test.Day3@523884b2]" name="bfMethod" is-config="true" duration-ms="2" started-at="2019-08-05T03:01:31Z" finished-at="2019-08-05T03:01:31Z">
          <reporter-output>
          </reporter-output>
        </test-method> <!-- bfMethod -->
        <test-method status="PASS" signature="MobileCarLogout(java.lang.String, java.lang.String)[pri:0, instance:test.Day3@523884b2]" name="MobileCarLogout" duration-ms="7" started-at="2019-08-05T03:01:31Z" data-provider="getData" finished-at="2019-08-05T03:01:31Z">
          <params>
            <param index="0">
              <value>
                <![CDATA[sergeantpepper]]>
              </value>
            </param>
            <param index="1">
              <value>
                <![CDATA[lonelyheartsclubband]]>
              </value>
            </param>
          </params>
          <reporter-output>
          </reporter-output>
        </test-method> <!-- MobileCarLogout -->
        <test-method status="PASS" signature="bfMethod()[pri:0, instance:test.Day3@523884b2]" name="bfMethod" is-config="true" duration-ms="1" started-at="2019-08-05T03:01:31Z" finished-at="2019-08-05T03:01:31Z">
          <reporter-output>
          </reporter-output>
        </test-method> <!-- bfMethod -->
        <test-method status="PASS" signature="MobileCarSignin()[pri:0, instance:test.Day3@523884b2]" name="MobileCarSignin" duration-ms="3" started-at="2019-08-05T03:01:31Z" finished-at="2019-08-05T03:01:31Z">
          <reporter-output>
          </reporter-output>
        </test-method> <!-- MobileCarSignin -->
        <test-method status="PASS" signature="bfMethod()[pri:0, instance:test.Day3@523884b2]" name="bfMethod" is-config="true" duration-ms="1" started-at="2019-08-05T03:01:31Z" finished-at="2019-08-05T03:01:31Z">
          <reporter-output>
          </reporter-output>
        </test-method> <!-- bfMethod -->
        <test-method status="PASS" signature="WebloginCarLogin(java.lang.String, java.lang.String)[pri:0, instance:test.Day3@523884b2]" name="WebloginCarLogin" duration-ms="7" started-at="2019-08-05T03:01:31Z" finished-at="2019-08-05T03:01:31Z">
          <params>
            <param index="0">
              <value>
                <![CDATA[qaclickacademy.com]]>
              </value>
            </param>
            <param index="1">
              <value>
                <![CDATA[willywonka]]>
              </value>
            </param>
          </params>
          <reporter-output>
          </reporter-output>
        </test-method> <!-- WebloginCarLogin -->
      </class> <!-- test.Day3 -->
    </test> <!-- Car Loan -->
    <test name="Personal Loan" duration-ms="233" started-at="2019-08-05T03:01:31Z" finished-at="2019-08-05T03:01:31Z">
      <class name="test.Day1">
        <test-method status="FAIL" signature="Demo()[pri:0, instance:test.Day1@7f9a81e8]" name="Demo" duration-ms="30" started-at="2019-08-05T03:01:31Z" finished-at="2019-08-05T03:01:31Z">
          <exception class="java.lang.AssertionError">
            <message>
              <![CDATA[expected [true] but found [false]]]>
            </message>
            <full-stacktrace>
              <![CDATA[java.lang.AssertionError: expected [true] but found [false]
at org.testng.Assert.fail(Assert.java:96)
at org.testng.Assert.failNotEquals(Assert.java:776)
at org.testng.Assert.assertTrue(Assert.java:44)
at org.testng.Assert.assertTrue(Assert.java:54)
at test.Day1.Demo(Day1.java:21)
at sun.reflect.NativeMethodAccessorImpl.invoke0(Native Method)
at sun.reflect.NativeMethodAccessorImpl.invoke(Unknown Source)
at sun.reflect.DelegatingMethodAccessorImpl.invoke(Unknown Source)
at java.lang.reflect.Method.invoke(Unknown Source)
at org.testng.internal.MethodInvocationHelper.invokeMethod(MethodInvocationHelper.java:124)
at org.testng.internal.Invoker.invokeMethod(Invoker.java:583)
at org.testng.internal.Invoker.invokeTestMethod(Invoker.java:719)
at org.testng.internal.Invoker.invokeTestMethods(Invoker.java:989)
at org.testng.internal.TestMethodWorker.invokeTestMethods(TestMethodWorker.java:125)
at org.testng.internal.TestMethodWorker.run(TestMethodWorker.java:109)
at org.testng.TestRunner.privateRun(TestRunner.java:648)
at org.testng.TestRunner.run(TestRunner.java:505)
at org.testng.SuiteRunner.runTest(SuiteRunner.java:455)
at org.testng.SuiteRunner.access$000(SuiteRunner.java:40)
at org.testng.SuiteRunner$SuiteWorker.run(SuiteRunner.java:489)
at org.testng.internal.thread.ThreadUtil$1.call(ThreadUtil.java:52)
at java.util.concurrent.FutureTask.run(Unknown Source)
at java.util.concurrent.ThreadPoolExecutor.runWorker(Unknown Source)
at java.util.concurrent.ThreadPoolExecutor$Worker.run(Unknown Source)
at java.lang.Thread.run(Unknown Source)
]]>
            </full-stacktrace>
          </exception> <!-- java.lang.AssertionError -->
          <reporter-output>
          </reporter-output>
        </test-method> <!-- Demo -->
        <test-method status="PASS" signature="LastExecution()[pri:0, instance:test.Day1@7f9a81e8]" name="LastExecution" is-config="true" duration-ms="1" started-at="2019-08-05T03:01:31Z" finished-at="2019-08-05T03:01:31Z">
          <reporter-output>
          </reporter-output>
        </test-method> <!-- LastExecution -->
      </class> <!-- test.Day1 -->
      <class name="test.Day2">
        <test-method status="PASS" signature="Prerequesite()[pri:0, instance:test.Day2@51081592]" name="Prerequesite" is-config="true" duration-ms="2" started-at="2019-08-05T03:01:31Z" finished-at="2019-08-05T03:01:31Z">
          <reporter-output>
          </reporter-output>
        </test-method> <!-- Prerequesite -->
        <test-method status="PASS" signature="Plain()[pri:0, instance:test.Day2@51081592]" name="Plain" duration-ms="21" started-at="2019-08-05T03:01:31Z" finished-at="2019-08-05T03:01:31Z">
          <reporter-output>
          </reporter-output>
        </test-method> <!-- Plain -->
      </class> <!-- test.Day2 -->
      <class name="test.Day4">
        <test-method status="PASS" signature="LoginAPIHomeLoan()[pri:0, instance:test.Day4@9629756]" name="LoginAPIHomeLoan" duration-ms="11" started-at="2019-08-05T03:01:31Z" finished-at="2019-08-05T03:01:31Z">
          <reporter-output>
          </reporter-output>
        </test-method> <!-- LoginAPIHomeLoan -->
        <test-method status="PASS" signature="MobileLoginHome()[pri:0, instance:test.Day4@9629756]" name="MobileLoginHome" duration-ms="5" started-at="2019-08-05T03:01:31Z" finished-at="2019-08-05T03:01:31Z">
          <reporter-output>
          </reporter-output>
        </test-method> <!-- MobileLoginHome -->
        <test-method status="PASS" signature="WebloginHomeLoan()[pri:0, instance:test.Day4@9629756]" name="WebloginHomeLoan" duration-ms="17" started-at="2019-08-05T03:01:31Z" finished-at="2019-08-05T03:01:31Z">
          <reporter-output>
          </reporter-output>
        </test-method> <!-- WebloginHomeLoan -->
      </class> <!-- test.Day4 -->
    </test> <!-- Personal Loan -->
  </suite> <!-- Suite -->
</testng-results>
